# JRE version: OpenJDK Runtime Environment (11.0.10) (build 11.0.10+0-b96-7249189)
# Java VM: OpenJDK 64-Bit Server VM (11.0.10+0-b96-7249189, mixed mode, tiered, compressed oops, g1 gc, windows-amd64)
Heap:
 garbage-first heap   total 359424K, used 247049K [0x0000000080000000, 0x0000000100000000)
  region size 1024K, 79 young (80896K), 5 survivors (5120K)
 Metaspace       used 126889K, capacity 129848K, committed 129996K, reserved 1163264K
  class space    used 15995K, capacity 17131K, committed 17152K, reserved 1048576K
GC Heap History (20 events):
Event: 4225.733 GC heap before
{Heap before GC invocations=65 (full 0):
 garbage-first heap   total 227328K, used 171670K [0x0000000080000000, 0x0000000100000000)
  region size 1024K, 67 young (68608K), 2 survivors (2048K)
 Metaspace       used 117168K, capacity 119767K, committed 120268K, reserved 1153024K
  class space    used 14735K, capacity 15731K, committed 15872K, reserved 1048576K
}
Event: 4225.735 GC heap after
{Heap after GC invocations=66 (full 0):
 garbage-first heap   total 227328K, used 102131K [0x0000000080000000, 0x0000000100000000)
  region size 1024K, 1 young (1024K), 1 survivors (1024K)
 Metaspace       used 117168K, capacity 119767K, committed 120268K, reserved 1153024K
  class space    used 14735K, capacity 15731K, committed 15872K, reserved 1048576K
}
Event: 4226.083 GC heap before
{Heap before GC invocations=66 (full 0):
 garbage-first heap   total 227328K, used 182003K [0x0000000080000000, 0x0000000100000000)
  region size 1024K, 79 young (80896K), 1 survivors (1024K)
 Metaspace       used 117219K, capacity 119876K, committed 120268K, reserved 1153024K
  class space    used 14742K, capacity 15767K, committed 15872K, reserved 1048576K
}
Event: 4226.085 GC heap after
{Heap after GC invocations=67 (full 0):
 garbage-first heap   total 227328K, used 102305K [0x0000000080000000, 0x0000000100000000)
  region size 1024K, 1 young (1024K), 1 survivors (1024K)
 Metaspace       used 117219K, capacity 119876K, committed 120268K, reserved 1153024K
  class space    used 14742K, capacity 15767K, committed 15872K, reserved 1048576K
}
Event: 4226.421 GC heap before
{Heap before GC invocations=68 (full 0):
 garbage-first heap   total 227328K, used 139169K [0x0000000080000000, 0x0000000100000000)
  region size 1024K, 38 young (38912K), 1 survivors (1024K)
 Metaspace       used 117313K, capacity 119968K, committed 120268K, reserved 1153024K
  class space    used 14753K, capacity 15775K, committed 15872K, reserved 1048576K
}
Event: 4226.424 GC heap after
{Heap after GC invocations=69 (full 0):
 garbage-first heap   total 227328K, used 102412K [0x0000000080000000, 0x0000000100000000)
  region size 1024K, 1 young (1024K), 1 survivors (1024K)
 Metaspace       used 117313K, capacity 119968K, committed 120268K, reserved 1153024K
  class space    used 14753K, capacity 15775K, committed 15872K, reserved 1048576K
}
Event: 4226.804 GC heap before
{Heap before GC invocations=70 (full 0):
 garbage-first heap   total 227328K, used 175116K [0x0000000080000000, 0x0000000100000000)
  region size 1024K, 69 young (70656K), 1 survivors (1024K)
 Metaspace       used 118661K, capacity 121310K, committed 121420K, reserved 1155072K
  class space    used 14951K, capacity 15994K, committed 16000K, reserved 1048576K
}
Event: 4226.812 GC heap after
{Heap after GC invocations=71 (full 0):
 garbage-first heap   total 227328K, used 120160K [0x0000000080000000, 0x0000000100000000)
  region size 1024K, 9 young (9216K), 9 survivors (9216K)
 Metaspace       used 118661K, capacity 121310K, committed 121420K, reserved 1155072K
  class space    used 14951K, capacity 15994K, committed 16000K, reserved 1048576K
}
Event: 4227.110 GC heap before
{Heap before GC invocations=71 (full 0):
 garbage-first heap   total 227328K, used 176480K [0x0000000080000000, 0x0000000100000000)
  region size 1024K, 64 young (65536K), 9 survivors (9216K)
 Metaspace       used 119308K, capacity 122029K, committed 122316K, reserved 1155072K
  class space    used 15014K, capacity 16057K, committed 16128K, reserved 1048576K
}
Event: 4227.133 GC heap after
{Heap after GC invocations=72 (full 0):
 garbage-first heap   total 227328K, used 129292K [0x0000000080000000, 0x0000000100000000)
  region size 1024K, 8 young (8192K), 8 survivors (8192K)
 Metaspace       used 119308K, capacity 122029K, committed 122316K, reserved 1155072K
  class space    used 15014K, capacity 16057K, committed 16128K, reserved 1048576K
}
Event: 4227.436 GC heap before
{Heap before GC invocations=73 (full 0):
 garbage-first heap   total 227328K, used 177420K [0x0000000080000000, 0x0000000100000000)
  region size 1024K, 55 young (56320K), 8 survivors (8192K)
 Metaspace       used 120044K, capacity 122778K, committed 122956K, reserved 1157120K
  class space    used 15104K, capacity 16155K, committed 16256K, reserved 1048576K
}
Event: 4227.459 GC heap after
{Heap after GC invocations=74 (full 0):
 garbage-first heap   total 227328K, used 139637K [0x0000000080000000, 0x0000000100000000)
  region size 1024K, 7 young (7168K), 7 survivors (7168K)
 Metaspace       used 120044K, capacity 122778K, committed 122956K, reserved 1157120K
  class space    used 15104K, capacity 16155K, committed 16256K, reserved 1048576K
}
Event: 4227.568 GC heap before
{Heap before GC invocations=74 (full 0):
 garbage-first heap   total 227328K, used 181621K [0x0000000080000000, 0x0000000100000000)
  region size 1024K, 48 young (49152K), 7 survivors (7168K)
 Metaspace       used 120995K, capacity 123748K, committed 123852K, reserved 1157120K
  class space    used 15229K, capacity 16284K, committed 16384K, reserved 1048576K
}
Event: 4227.584 GC heap after
{Heap after GC invocations=75 (full 0):
 garbage-first heap   total 227328K, used 147928K [0x0000000080000000, 0x0000000100000000)
  region size 1024K, 6 young (6144K), 6 survivors (6144K)
 Metaspace       used 120995K, capacity 123748K, committed 123852K, reserved 1157120K
  class space    used 15229K, capacity 16284K, committed 16384K, reserved 1048576K
}
Event: 4227.703 GC heap before
{Heap before GC invocations=75 (full 0):
 garbage-first heap   total 227328K, used 185816K [0x0000000080000000, 0x0000000100000000)
  region size 1024K, 43 young (44032K), 6 survivors (6144K)
 Metaspace       used 121110K, capacity 123932K, committed 124108K, reserved 1157120K
  class space    used 15247K, capacity 16322K, committed 16384K, reserved 1048576K
}
Event: 4227.720 GC heap after
{Heap after GC invocations=76 (full 0):
 garbage-first heap   total 359424K, used 155449K [0x0000000080000000, 0x0000000100000000)
  region size 1024K, 6 young (6144K), 6 survivors (6144K)
 Metaspace       used 121110K, capacity 123932K, committed 124108K, reserved 1157120K
  class space    used 15247K, capacity 16322K, committed 16384K, reserved 1048576K
}
Event: 4229.339 GC heap before
{Heap before GC invocations=77 (full 0):
 garbage-first heap   total 359424K, used 235321K [0x0000000080000000, 0x0000000100000000)
  region size 1024K, 84 young (86016K), 6 survivors (6144K)
 Metaspace       used 124532K, capacity 127453K, committed 127820K, reserved 1161216K
  class space    used 15809K, capacity 16904K, committed 17024K, reserved 1048576K
}
Event: 4229.380 GC heap after
{Heap after GC invocations=78 (full 0):
 garbage-first heap   total 359424K, used 167580K [0x0000000080000000, 0x0000000100000000)
  region size 1024K, 11 young (11264K), 11 survivors (11264K)
 Metaspace       used 124532K, capacity 127453K, committed 127820K, reserved 1161216K
  class space    used 15809K, capacity 16904K, committed 17024K, reserved 1048576K
}
Event: 4230.047 GC heap before
{Heap before GC invocations=78 (full 0):
 garbage-first heap   total 359424K, used 247452K [0x0000000080000000, 0x0000000100000000)
  region size 1024K, 89 young (91136K), 11 survivors (11264K)
 Metaspace       used 125915K, capacity 128828K, committed 128844K, reserved 1161216K
  class space    used 15887K, capacity 17009K, committed 17024K, reserved 1048576K
}
Event: 4230.072 GC heap after
{Heap after GC invocations=79 (full 0):
 garbage-first heap   total 359424K, used 171854K [0x0000000080000000, 0x0000000100000000)
  region size 1024K, 5 young (5120K), 5 survivors (5120K)
 Metaspace       used 125915K, capacity 128828K, committed 128844K, reserved 1161216K
  class space    used 15887K, capacity 17009K, committed 17024K, reserved 1048576K
}

