# JRE version: OpenJDK Runtime Environment (11.0.10) (build 11.0.10+0-b96-7249189)
# Java VM: OpenJDK 64-Bit Server VM (11.0.10+0-b96-7249189, mixed mode, tiered, compressed oops, g1 gc, windows-amd64)
Heap:
 garbage-first heap   total 189440K, used 81211K [0x0000000080000000, 0x0000000100000000)
  region size 1024K, 6 young (6144K), 4 survivors (4096K)
 Metaspace       used 93180K, capacity 95388K, committed 95692K, reserved 1132544K
  class space    used 11660K, capacity 12433K, committed 12492K, reserved 1048576K
GC Heap History (20 events):
Event: 25.378 GC heap before
{Heap before GC invocations=30 (full 0):
 garbage-first heap   total 131072K, used 105911K [0x0000000080000000, 0x0000000100000000)
  region size 1024K, 20 young (20480K), 3 survivors (3072K)
 Metaspace       used 84409K, capacity 86487K, committed 86732K, reserved 1124352K
  class space    used 10820K, capacity 11592K, committed 11724K, reserved 1048576K
}
Event: 25.382 GC heap after
{Heap after GC invocations=31 (full 0):
 garbage-first heap   total 131072K, used 89145K [0x0000000080000000, 0x0000000100000000)
  region size 1024K, 1 young (1024K), 1 survivors (1024K)
 Metaspace       used 84409K, capacity 86487K, committed 86732K, reserved 1124352K
  class space    used 10820K, capacity 11592K, committed 11724K, reserved 1048576K
}
Event: 25.541 GC heap before
{Heap before GC invocations=31 (full 0):
 garbage-first heap   total 131072K, used 105529K [0x0000000080000000, 0x0000000100000000)
  region size 1024K, 18 young (18432K), 1 survivors (1024K)
 Metaspace       used 84414K, capacity 86487K, committed 86732K, reserved 1124352K
  class space    used 10820K, capacity 11592K, committed 11724K, reserved 1048576K
}
Event: 25.542 GC heap after
{Heap after GC invocations=32 (full 0):
 garbage-first heap   total 131072K, used 87765K [0x0000000080000000, 0x0000000100000000)
  region size 1024K, 1 young (1024K), 1 survivors (1024K)
 Metaspace       used 84414K, capacity 86487K, committed 86732K, reserved 1124352K
  class space    used 10820K, capacity 11592K, committed 11724K, reserved 1048576K
}
Event: 25.584 GC heap before
{Heap before GC invocations=32 (full 0):
 garbage-first heap   total 131072K, used 106197K [0x0000000080000000, 0x0000000100000000)
  region size 1024K, 19 young (19456K), 1 survivors (1024K)
 Metaspace       used 84415K, capacity 86487K, committed 86732K, reserved 1124352K
  class space    used 10820K, capacity 11592K, committed 11724K, reserved 1048576K
}
Event: 25.584 GC heap after
{Heap after GC invocations=33 (full 0):
 garbage-first heap   total 131072K, used 87740K [0x0000000080000000, 0x0000000100000000)
  region size 1024K, 1 young (1024K), 1 survivors (1024K)
 Metaspace       used 84415K, capacity 86487K, committed 86732K, reserved 1124352K
  class space    used 10820K, capacity 11592K, committed 11724K, reserved 1048576K
}
Event: 25.708 GC heap before
{Heap before GC invocations=34 (full 0):
 garbage-first heap   total 131072K, used 106172K [0x0000000080000000, 0x0000000100000000)
  region size 1024K, 20 young (20480K), 1 survivors (1024K)
 Metaspace       used 84439K, capacity 86493K, committed 86732K, reserved 1124352K
  class space    used 10822K, capacity 11594K, committed 11724K, reserved 1048576K
}
Event: 25.712 GC heap after
{Heap after GC invocations=35 (full 0):
 garbage-first heap   total 131072K, used 91863K [0x0000000080000000, 0x0000000100000000)
  region size 1024K, 3 young (3072K), 3 survivors (3072K)
 Metaspace       used 84439K, capacity 86493K, committed 86732K, reserved 1124352K
  class space    used 10822K, capacity 11594K, committed 11724K, reserved 1048576K
}
Event: 25.873 GC heap before
{Heap before GC invocations=35 (full 0):
 garbage-first heap   total 131072K, used 124631K [0x0000000080000000, 0x0000000100000000)
  region size 1024K, 20 young (20480K), 3 survivors (3072K)
 Metaspace       used 84905K, capacity 87057K, committed 87244K, reserved 1124352K
  class space    used 10856K, capacity 11642K, committed 11724K, reserved 1048576K
}
Event: 25.879 GC heap after
{Heap after GC invocations=36 (full 0):
 garbage-first heap   total 157696K, used 93842K [0x0000000080000000, 0x0000000100000000)
  region size 1024K, 3 young (3072K), 3 survivors (3072K)
 Metaspace       used 84905K, capacity 87057K, committed 87244K, reserved 1124352K
  class space    used 10856K, capacity 11642K, committed 11724K, reserved 1048576K
}
Event: 26.122 GC heap before
{Heap before GC invocations=37 (full 0):
 garbage-first heap   total 157696K, used 118418K [0x0000000080000000, 0x0000000100000000)
  region size 1024K, 28 young (28672K), 3 survivors (3072K)
 Metaspace       used 88121K, capacity 90284K, committed 90572K, reserved 1128448K
  class space    used 11118K, capacity 11898K, committed 11980K, reserved 1048576K
}
Event: 26.127 GC heap after
{Heap after GC invocations=38 (full 0):
 garbage-first heap   total 157696K, used 96673K [0x0000000080000000, 0x0000000100000000)
  region size 1024K, 3 young (3072K), 3 survivors (3072K)
 Metaspace       used 88121K, capacity 90284K, committed 90572K, reserved 1128448K
  class space    used 11118K, capacity 11898K, committed 11980K, reserved 1048576K
}
Event: 26.242 GC heap before
{Heap before GC invocations=38 (full 0):
 garbage-first heap   total 157696K, used 122273K [0x0000000080000000, 0x0000000100000000)
  region size 1024K, 29 young (29696K), 3 survivors (3072K)
 Metaspace       used 88640K, capacity 90764K, committed 91084K, reserved 1128448K
  class space    used 11141K, capacity 11930K, committed 11980K, reserved 1048576K
}
Event: 26.247 GC heap after
{Heap after GC invocations=39 (full 0):
 garbage-first heap   total 157696K, used 100653K [0x0000000080000000, 0x0000000100000000)
  region size 1024K, 4 young (4096K), 4 survivors (4096K)
 Metaspace       used 88640K, capacity 90764K, committed 91084K, reserved 1128448K
  class space    used 11141K, capacity 11930K, committed 11980K, reserved 1048576K
}
Event: 26.404 GC heap before
{Heap before GC invocations=39 (full 0):
 garbage-first heap   total 157696K, used 113965K [0x0000000080000000, 0x0000000100000000)
  region size 1024K, 28 young (28672K), 4 survivors (4096K)
 Metaspace       used 88825K, capacity 90902K, committed 91084K, reserved 1128448K
  class space    used 11149K, capacity 11930K, committed 11980K, reserved 1048576K
}
Event: 26.407 GC heap after
{Heap after GC invocations=40 (full 0):
 garbage-first heap   total 157696K, used 87620K [0x0000000080000000, 0x0000000100000000)
  region size 1024K, 1 young (1024K), 1 survivors (1024K)
 Metaspace       used 88825K, capacity 90902K, committed 91084K, reserved 1128448K
  class space    used 11149K, capacity 11930K, committed 11980K, reserved 1048576K
}
Event: 26.908 GC heap before
{Heap before GC invocations=41 (full 0):
 garbage-first heap   total 157696K, used 118340K [0x0000000080000000, 0x0000000100000000)
  region size 1024K, 32 young (32768K), 1 survivors (1024K)
 Metaspace       used 89559K, capacity 91711K, committed 91980K, reserved 1128448K
  class space    used 11207K, capacity 12005K, committed 12108K, reserved 1048576K
}
Event: 26.913 GC heap after
{Heap after GC invocations=42 (full 0):
 garbage-first heap   total 189440K, used 87478K [0x0000000080000000, 0x0000000100000000)
  region size 1024K, 1 young (1024K), 1 survivors (1024K)
 Metaspace       used 89559K, capacity 91711K, committed 91980K, reserved 1128448K
  class space    used 11207K, capacity 12005K, committed 12108K, reserved 1048576K
}
Event: 27.034 GC heap before
{Heap before GC invocations=42 (full 0):
 garbage-first heap   total 189440K, used 95670K [0x0000000080000000, 0x0000000100000000)
  region size 1024K, 9 young (9216K), 1 survivors (1024K)
 Metaspace       used 90059K, capacity 92159K, committed 92236K, reserved 1130496K
  class space    used 11276K, capacity 12069K, committed 12108K, reserved 1048576K
}
Event: 27.036 GC heap after
{Heap after GC invocations=43 (full 0):
 garbage-first heap   total 189440K, used 77603K [0x0000000080000000, 0x0000000100000000)
  region size 1024K, 1 young (1024K), 1 survivors (1024K)
 Metaspace       used 90059K, capacity 92159K, committed 92236K, reserved 1130496K
  class space    used 11276K, capacity 12069K, committed 12108K, reserved 1048576K
}

