# JRE version: OpenJDK Runtime Environment (11.0.10) (build 11.0.10+0-b96-7249189)
# Java VM: OpenJDK 64-Bit Server VM (11.0.10+0-b96-7249189, mixed mode, tiered, compressed oops, g1 gc, windows-amd64)
Heap:
 garbage-first heap   total 157696K, used 72375K [0x0000000080000000, 0x0000000100000000)
  region size 1024K, 34 young (34816K), 5 survivors (5120K)
 Metaspace       used 61215K, capacity 62718K, committed 62888K, reserved 1103872K
  class space    used 7752K, capacity 8290K, committed 8320K, reserved 1048576K
GC Heap History (20 events):
Event: 4.390 GC heap before
{Heap before GC invocations=3 (full 0):
 garbage-first heap   total 131072K, used 56473K [0x0000000080000000, 0x0000000100000000)
  region size 1024K, 48 young (49152K), 4 survivors (4096K)
 Metaspace       used 18319K, capacity 18744K, committed 19072K, reserved 1067008K
  class space    used 2186K, capacity 2308K, committed 2432K, reserved 1048576K
}
Event: 4.395 GC heap after
{Heap after GC invocations=4 (full 0):
 garbage-first heap   total 131072K, used 15891K [0x0000000080000000, 0x0000000100000000)
  region size 1024K, 6 young (6144K), 6 survivors (6144K)
 Metaspace       used 18319K, capacity 18744K, committed 19072K, reserved 1067008K
  class space    used 2186K, capacity 2308K, committed 2432K, reserved 1048576K
}
Event: 4.563 GC heap before
{Heap before GC invocations=4 (full 0):
 garbage-first heap   total 131072K, used 34323K [0x0000000080000000, 0x0000000100000000)
  region size 1024K, 25 young (25600K), 6 survivors (6144K)
 Metaspace       used 20583K, capacity 21125K, committed 21296K, reserved 1069056K
  class space    used 2509K, capacity 2660K, committed 2688K, reserved 1048576K
}
Event: 4.568 GC heap after
{Heap after GC invocations=5 (full 0):
 garbage-first heap   total 131072K, used 17195K [0x0000000080000000, 0x0000000100000000)
  region size 1024K, 1 young (1024K), 1 survivors (1024K)
 Metaspace       used 20583K, capacity 21125K, committed 21296K, reserved 1069056K
  class space    used 2509K, capacity 2660K, committed 2688K, reserved 1048576K
}
Event: 4.993 GC heap before
{Heap before GC invocations=6 (full 0):
 garbage-first heap   total 131072K, used 65323K [0x0000000080000000, 0x0000000100000000)
  region size 1024K, 48 young (49152K), 1 survivors (1024K)
 Metaspace       used 25588K, capacity 26201K, committed 26368K, reserved 1073152K
  class space    used 3335K, capacity 3570K, committed 3584K, reserved 1048576K
}
Event: 4.996 GC heap after
{Heap after GC invocations=7 (full 0):
 garbage-first heap   total 131072K, used 18675K [0x0000000080000000, 0x0000000100000000)
  region size 1024K, 3 young (3072K), 3 survivors (3072K)
 Metaspace       used 25588K, capacity 26201K, committed 26368K, reserved 1073152K
  class space    used 3335K, capacity 3570K, committed 3584K, reserved 1048576K
}
Event: 5.515 GC heap before
{Heap before GC invocations=7 (full 0):
 garbage-first heap   total 131072K, used 71923K [0x0000000080000000, 0x0000000100000000)
  region size 1024K, 55 young (56320K), 3 survivors (3072K)
 Metaspace       used 31770K, capacity 32527K, committed 32640K, reserved 1077248K
  class space    used 4191K, capacity 4445K, committed 4480K, reserved 1048576K
}
Event: 5.520 GC heap after
{Heap after GC invocations=8 (full 0):
 garbage-first heap   total 131072K, used 21052K [0x0000000080000000, 0x0000000100000000)
  region size 1024K, 5 young (5120K), 5 survivors (5120K)
 Metaspace       used 31770K, capacity 32527K, committed 32640K, reserved 1077248K
  class space    used 4191K, capacity 4445K, committed 4480K, reserved 1048576K
}
Event: 5.670 GC heap before
{Heap before GC invocations=8 (full 0):
 garbage-first heap   total 131072K, used 29244K [0x0000000080000000, 0x0000000100000000)
  region size 1024K, 14 young (14336K), 5 survivors (5120K)
 Metaspace       used 35054K, capacity 35859K, committed 36048K, reserved 1081344K
  class space    used 4537K, capacity 4834K, committed 4864K, reserved 1048576K
}
Event: 5.677 GC heap after
{Heap after GC invocations=9 (full 0):
 garbage-first heap   total 131072K, used 22528K [0x0000000080000000, 0x0000000100000000)
  region size 1024K, 6 young (6144K), 6 survivors (6144K)
 Metaspace       used 35054K, capacity 35859K, committed 36048K, reserved 1081344K
  class space    used 4537K, capacity 4834K, committed 4864K, reserved 1048576K
}
Event: 6.092 GC heap before
{Heap before GC invocations=10 (full 0):
 garbage-first heap   total 131072K, used 78848K [0x0000000080000000, 0x0000000100000000)
  region size 1024K, 59 young (60416K), 6 survivors (6144K)
 Metaspace       used 38786K, capacity 39692K, committed 39836K, reserved 1083392K
  class space    used 4948K, capacity 5317K, committed 5376K, reserved 1048576K
}
Event: 6.101 GC heap after
{Heap after GC invocations=11 (full 0):
 garbage-first heap   total 131072K, used 26778K [0x0000000080000000, 0x0000000100000000)
  region size 1024K, 8 young (8192K), 8 survivors (8192K)
 Metaspace       used 38786K, capacity 39692K, committed 39836K, reserved 1083392K
  class space    used 4948K, capacity 5317K, committed 5376K, reserved 1048576K
}
Event: 6.563 GC heap before
{Heap before GC invocations=11 (full 0):
 garbage-first heap   total 131072K, used 83098K [0x0000000080000000, 0x0000000100000000)
  region size 1024K, 63 young (64512K), 8 survivors (8192K)
 Metaspace       used 43983K, capacity 44931K, committed 45084K, reserved 1089536K
  class space    used 5639K, capacity 5972K, committed 6016K, reserved 1048576K
}
Event: 6.571 GC heap after
{Heap after GC invocations=12 (full 0):
 garbage-first heap   total 131072K, used 28904K [0x0000000080000000, 0x0000000100000000)
  region size 1024K, 3 young (3072K), 3 survivors (3072K)
 Metaspace       used 43983K, capacity 44931K, committed 45084K, reserved 1089536K
  class space    used 5639K, capacity 5972K, committed 6016K, reserved 1048576K
}
Event: 7.222 GC heap before
{Heap before GC invocations=12 (full 0):
 garbage-first heap   total 131072K, used 91368K [0x0000000080000000, 0x0000000100000000)
  region size 1024K, 61 young (62464K), 3 survivors (3072K)
 Metaspace       used 47306K, capacity 48481K, committed 48668K, reserved 1091584K
  class space    used 6044K, capacity 6465K, committed 6528K, reserved 1048576K
}
Event: 7.230 GC heap after
{Heap after GC invocations=13 (full 0):
 garbage-first heap   total 131072K, used 39936K [0x0000000080000000, 0x0000000100000000)
  region size 1024K, 8 young (8192K), 8 survivors (8192K)
 Metaspace       used 47306K, capacity 48481K, committed 48668K, reserved 1091584K
  class space    used 6044K, capacity 6465K, committed 6528K, reserved 1048576K
}
Event: 7.770 GC heap before
{Heap before GC invocations=13 (full 0):
 garbage-first heap   total 131072K, used 93184K [0x0000000080000000, 0x0000000100000000)
  region size 1024K, 60 young (61440K), 8 survivors (8192K)
 Metaspace       used 54172K, capacity 55531K, committed 55708K, reserved 1097728K
  class space    used 6878K, capacity 7376K, committed 7424K, reserved 1048576K
}
Event: 7.778 GC heap after
{Heap after GC invocations=14 (full 0):
 garbage-first heap   total 157696K, used 42644K [0x0000000080000000, 0x0000000100000000)
  region size 1024K, 3 young (3072K), 3 survivors (3072K)
 Metaspace       used 54172K, capacity 55531K, committed 55708K, reserved 1097728K
  class space    used 6878K, capacity 7376K, committed 7424K, reserved 1048576K
}
Event: 8.137 GC heap before
{Heap before GC invocations=14 (full 0):
 garbage-first heap   total 157696K, used 70292K [0x0000000080000000, 0x0000000100000000)
  region size 1024K, 31 young (31744K), 3 survivors (3072K)
 Metaspace       used 59184K, capacity 60599K, committed 60636K, reserved 1101824K
  class space    used 7502K, capacity 8039K, committed 8064K, reserved 1048576K
}
Event: 8.142 GC heap after
{Heap after GC invocations=15 (full 0):
 garbage-first heap   total 157696K, used 44727K [0x0000000080000000, 0x0000000100000000)
  region size 1024K, 5 young (5120K), 5 survivors (5120K)
 Metaspace       used 59184K, capacity 60599K, committed 60636K, reserved 1101824K
  class space    used 7502K, capacity 8039K, committed 8064K, reserved 1048576K
}

